This is pdfTeX, Version 3.14159265-2.6-1.40.18 (MiKTeX 2.9.6500 64-bit) (preloaded format=pdflatex 2017.11.14)  7 DEC 2017 20:29
entering extended mode
**./diploma.tex
(diploma.tex
LaTeX2e <2017-04-15>
Babel <3.15> and hyphenation patterns for 75 language(s) loaded.
("C:\Program Files\MiKTeX 2.9\tex\latex\base\report.cls"
Document Class: report 2014/09/29 v1.4h Standard LaTeX document class
("C:\Program Files\MiKTeX 2.9\tex\latex\base\size11.clo"
File: size11.clo 2014/09/29 v1.4h Standard LaTeX file (size option)
)
\c@part=\count79
\c@chapter=\count80
\c@section=\count81
\c@subsection=\count82
\c@subsubsection=\count83
\c@paragraph=\count84
\c@subparagraph=\count85
\c@figure=\count86
\c@table=\count87
\abovecaptionskip=\skip41
\belowcaptionskip=\skip42
\bibindent=\dimen102
)
("C:\Program Files\MiKTeX 2.9\tex\latex\base\t1enc.sty"
Package: t1enc 1994/06/01 Standard LaTeX package
)
("C:\Program Files\MiKTeX 2.9\tex\latex\base\inputenc.sty"
Package: inputenc 2015/03/17 v1.2c Input encoding file
\inpenc@prehook=\toks14
\inpenc@posthook=\toks15

("C:\Program Files\MiKTeX 2.9\tex\latex\base\latin2.def"
File: latin2.def 2015/03/17 v1.2c Input encoding file
))
("C:\Program Files\MiKTeX 2.9\tex\latex\amsmath\amsmath.sty"
Package: amsmath 2017/09/02 v2.17a AMS math features
\@mathmargin=\skip43

For additional information on amsmath, use the `?' option.
("C:\Program Files\MiKTeX 2.9\tex\latex\amsmath\amstext.sty"
Package: amstext 2000/06/29 v2.01 AMS text

("C:\Program Files\MiKTeX 2.9\tex\latex\amsmath\amsgen.sty"
File: amsgen.sty 1999/11/30 v2.0 generic functions
\@emptytoks=\toks16
\ex@=\dimen103
))
("C:\Program Files\MiKTeX 2.9\tex\latex\amsmath\amsbsy.sty"
Package: amsbsy 1999/11/29 v1.2d Bold Symbols
\pmbraise@=\dimen104
)
("C:\Program Files\MiKTeX 2.9\tex\latex\amsmath\amsopn.sty"
Package: amsopn 2016/03/08 v2.02 operator names
)
\inf@bad=\count88
LaTeX Info: Redefining \frac on input line 213.
\uproot@=\count89
\leftroot@=\count90
LaTeX Info: Redefining \overline on input line 375.
\classnum@=\count91
\DOTSCASE@=\count92
LaTeX Info: Redefining \ldots on input line 472.
LaTeX Info: Redefining \dots on input line 475.
LaTeX Info: Redefining \cdots on input line 596.
\Mathstrutbox@=\box26
\strutbox@=\box27
\big@size=\dimen105
LaTeX Font Info:    Redeclaring font encoding OML on input line 712.
LaTeX Font Info:    Redeclaring font encoding OMS on input line 713.
\macc@depth=\count93
\c@MaxMatrixCols=\count94
\dotsspace@=\muskip10
\c@parentequation=\count95
\dspbrk@lvl=\count96
\tag@help=\toks17
\row@=\count97
\column@=\count98
\maxfields@=\count99
\andhelp@=\toks18
\eqnshift@=\dimen106
\alignsep@=\dimen107
\tagshift@=\dimen108
\tagwidth@=\dimen109
\totwidth@=\dimen110
\lineht@=\dimen111
\@envbody=\toks19
\multlinegap=\skip44
\multlinetaggap=\skip45
\mathdisplay@stack=\toks20
LaTeX Info: Redefining \[ on input line 2817.
LaTeX Info: Redefining \] on input line 2818.
)
("C:\Program Files\MiKTeX 2.9\tex\latex\amsfonts\amssymb.sty"
Package: amssymb 2013/01/14 v3.01 AMS font symbols

("C:\Program Files\MiKTeX 2.9\tex\latex\amsfonts\amsfonts.sty"
Package: amsfonts 2013/01/14 v3.01 Basic AMSFonts support
\symAMSa=\mathgroup4
\symAMSb=\mathgroup5
LaTeX Font Info:    Overwriting math alphabet `\mathfrak' in version `bold'
(Font)                  U/euf/m/n --> U/euf/b/n on input line 106.
))
("C:\Program Files\MiKTeX 2.9\tex\latex\tools\enumerate.sty"
Package: enumerate 2015/07/23 v3.00 enumerate extensions (DPC)
\@enLab=\toks21
)
("C:\Program Files\MiKTeX 2.9\tex\latex\enumitem\enumitem.sty"
Package: enumitem 2011/09/28 v3.5.2 Customized lists
\enitkv@toks@=\toks22
\labelindent=\skip46
\enit@outerparindent=\dimen112
\enit@toks=\toks23
\enit@inbox=\box28
\enitdp@description=\count100
)
("C:\Program Files\MiKTeX 2.9\tex\latex\ntheorem\ntheorem.sty"
Style `ntheorem', Version 1.33 <2011/08/15>
Package: ntheorem 2011/08/15 1.33
("C:\Program Files\MiKTeX 2.9\tex\latex\base\ifthen.sty"
Package: ifthen 2014/09/29 v1.1c Standard LaTeX ifthen package (DPC)
)
\theorem@style=\toks24
\theorem@@style=\toks25
\theorembodyfont=\toks26
\theoremnumbering=\toks27
\theorempreskipamount=\skip47
\theorempostskipamount=\skip48
\theoremframepreskipamount=\skip49
\theoremframepostskipamount=\skip50
\theoreminframepreskipamount=\skip51
\theoreminframepostskipamount=\skip52
\theorem@preskip=\toks28
\theorem@postskip=\toks29
\theorem@framepreskip=\toks30
\theorem@framepostskip=\toks31
\theorem@inframepreskip=\toks32
\theorem@inframepostskip=\toks33
\theoremindent=\dimen113
\theorem@indent=\dimen114
\theoremrightindent=\dimen115
\theorem@rightindent=\dimen116
\theoremheaderfont=\toks34
\theoremseparator=\toks35
\theoremprework=\toks36
\theorempostwork=\toks37
\theoremsymbol=\toks38
\qedsymbol=\toks39
\theoremkeyword=\toks40
\qedsymbol=\toks41
\thm@topsep=\skip53
\thm@topsepadd=\skip54
Package ntheorem Info: Option `thmmarks' loaded on input line 1175.
\c@endNonectr=\count101
\c@currNonectr=\count102
\mysavskip=\skip55
)
("C:\Program Files\MiKTeX 2.9\tex\latex\graphics\graphics.sty"
Package: graphics 2017/06/25 v1.2c Standard LaTeX Graphics (DPC,SPQR)

("C:\Program Files\MiKTeX 2.9\tex\latex\graphics\trig.sty"
Package: trig 2016/01/03 v1.10 sin cos tan (DPC)
)
("C:\Program Files\MiKTeX 2.9\tex\latex\graphics-cfg\graphics.cfg"
File: graphics.cfg 2016/06/04 v1.11 sample graphics configuration
)
Package graphics Info: Driver file: pdftex.def on input line 99.

("C:\Program Files\MiKTeX 2.9\tex\latex\graphics-def\pdftex.def"
File: pdftex.def 2017/06/24 v1.0g Graphics/color driver for pdftex
))
("C:\Program Files\MiKTeX 2.9\tex\latex\graphics\epsfig.sty"
Package: epsfig 2017/06/25 v1.7b (e)psfig emulation (SPQR)

("C:\Program Files\MiKTeX 2.9\tex\latex\graphics\graphicx.sty"
Package: graphicx 2017/06/01 v1.1a Enhanced LaTeX Graphics (DPC,SPQR)

("C:\Program Files\MiKTeX 2.9\tex\latex\graphics\keyval.sty"
Package: keyval 2014/10/28 v1.15 key=value parser (DPC)
\KV@toks@=\toks42
)
\Gin@req@height=\dimen117
\Gin@req@width=\dimen118
)
\epsfxsize=\dimen119
\epsfysize=\dimen120
)
("C:\Program Files\MiKTeX 2.9\tex\latex\listings\listings.sty"
\lst@mode=\count103
\lst@gtempboxa=\box29
\lst@token=\toks43
\lst@length=\count104
\lst@currlwidth=\dimen121
\lst@column=\count105
\lst@pos=\count106
\lst@lostspace=\dimen122
\lst@width=\dimen123
\lst@newlines=\count107
\lst@lineno=\count108
\lst@maxwidth=\dimen124

("C:\Program Files\MiKTeX 2.9\tex\latex\listings\lstmisc.sty"
File: lstmisc.sty 2015/06/04 1.6 (Carsten Heinz)
\c@lstnumber=\count109
\lst@skipnumbers=\count110
\lst@framebox=\box30
)
("C:\Program Files\MiKTeX 2.9\tex\latex\listings\listings.cfg"
File: listings.cfg 2015/06/04 1.6 listings configuration
))
Package: listings 2015/06/04 1.6 (Carsten Heinz)

("C:\Program Files\MiKTeX 2.9\tex\latex\graphics\color.sty"
Package: color 2016/07/10 v1.1e Standard LaTeX Color (DPC)

("C:\Program Files\MiKTeX 2.9\tex\latex\graphics-cfg\color.cfg"
File: color.cfg 2016/01/02 v1.6 sample color configuration
)
Package color Info: Driver file: pdftex.def on input line 147.
)
("C:\Program Files\MiKTeX 2.9\tex\latex\lastpage\lastpage.sty"
Package: lastpage 2015/03/29 v1.2m Refers to last page's name (HMM; JPG)
)
("C:\Program Files\MiKTeX 2.9\tex\latex\ltxmisc\anysize.sty"
Package: anysize 1994/08/13 1.0 Contributed LaTeX2e package

Package: `anysize' 1.0 <1994/08/13>
\@Leftmargin=\dimen125
\@Rightmargin=\dimen126
\@Topmargin=\dimen127
\@Bottommargin=\dimen128
) ("C:\Program Files\MiKTeX 2.9\tex\generic\babel\babel.sty"
Package: babel 2017/11/03 3.15 The Babel package

("C:\Program Files\MiKTeX 2.9\tex\generic\babel\switch.def"
File: switch.def 2017/11/03 3.15 Babel switching mechanism
)
*************************************
* Local config file bblopts.cfg used
*
("C:\Program Files\MiKTeX 2.9\tex\latex\arabi\bblopts.cfg"
File: bblopts.cfg 2005/09/08 v0.1 add Arabic and Farsi to "declared" options of
 babel
) (magyar.ldf
Language: magyar 2007/10/19 v1.5 Magyar support from the babel v3.7 system

("C:\Program Files\MiKTeX 2.9\tex\generic\babel\babel.def"
File: babel.def 2017/11/03 3.15 Babel common definitions

("C:\Program Files\MiKTeX 2.9\tex\generic\babel\switch.def"
File: switch.def 2017/11/03 3.15 Babel switching mechanism
)
\babel@savecnt=\count111
\U@D=\dimen129
)
Package babel Info: Making ` an active character on input line 2609.
\c@footnote@add=\count112
\c@footnote@ch=\count113
))
("C:\Program Files\MiKTeX 2.9\tex\latex\sectsty\sectsty.sty"
Package: sectsty 2002/02/25 v2.0.2 Commands to change all sectional heading sty
les
)
("C:\Program Files\MiKTeX 2.9\tex\latex\setspace\setspace.sty"
Package: setspace 2011/12/19 v6.7a set line spacing
)
("C:\Program Files\MiKTeX 2.9\tex\latex\caption\caption.sty"
Package: caption 2016/02/21 v3.3-144 Customizing captions (AR)

("C:\Program Files\MiKTeX 2.9\tex\latex\caption\caption3.sty"
Package: caption3 2016/05/22 v1.7-166 caption3 kernel (AR)
Package caption3 Info: TeX engine: e-TeX on input line 67.
\captionmargin=\dimen130
\captionmargin@=\dimen131
\captionwidth=\dimen132
\caption@tempdima=\dimen133
\caption@indent=\dimen134
\caption@parindent=\dimen135
\caption@hangindent=\dimen136
)
\c@ContinuedFloat=\count114
Package caption Info: magyar babel option is loaded.
Package caption Info: listings package is loaded.
)
("C:\Program Files\MiKTeX 2.9\tex\latex\caption\subcaption.sty"
Package: subcaption 2016/05/22 v1.1-161 Sub-captions (AR)
\c@subfigure=\count115
\c@subtable=\count116
)
("C:\Program Files\MiKTeX 2.9\tex\latex\hyperref\hyperref.sty"
Package: hyperref 2017/03/14 v6.85a Hypertext links for LaTeX

("C:\Program Files\MiKTeX 2.9\tex\generic\oberdiek\hobsub-hyperref.sty"
Package: hobsub-hyperref 2016/05/16 v1.14 Bundle oberdiek, subset hyperref (HO)


("C:\Program Files\MiKTeX 2.9\tex\generic\oberdiek\hobsub-generic.sty"
Package: hobsub-generic 2016/05/16 v1.14 Bundle oberdiek, subset generic (HO)
Package: hobsub 2016/05/16 v1.14 Construct package bundles (HO)
Package: infwarerr 2016/05/16 v1.4 Providing info/warning/error messages (HO)
Package: ltxcmds 2016/05/16 v1.23 LaTeX kernel commands for general use (HO)
Package: ifluatex 2016/05/16 v1.4 Provides the ifluatex switch (HO)
Package ifluatex Info: LuaTeX not detected.
Package: ifvtex 2016/05/16 v1.6 Detect VTeX and its facilities (HO)
Package ifvtex Info: VTeX not detected.
Package: intcalc 2016/05/16 v1.2 Expandable calculations with integers (HO)
Package: ifpdf 2017/03/15 v3.2 Provides the ifpdf switch
Package: etexcmds 2016/05/16 v1.6 Avoid name clashes with e-TeX commands (HO)
Package etexcmds Info: Could not find \expanded.
(etexcmds)             That can mean that you are not using pdfTeX 1.50 or
(etexcmds)             that some package has redefined \expanded.
(etexcmds)             In the latter case, load this package earlier.
Package: kvsetkeys 2016/05/16 v1.17 Key value parser (HO)
Package: kvdefinekeys 2016/05/16 v1.4 Define keys (HO)
Package: pdftexcmds 2017/03/19 v0.25 Utility functions of pdfTeX for LuaTeX (HO
)
Package pdftexcmds Info: LuaTeX not detected.
Package pdftexcmds Info: \pdf@primitive is available.
Package pdftexcmds Info: \pdf@ifprimitive is available.
Package pdftexcmds Info: \pdfdraftmode found.
Package: pdfescape 2016/05/16 v1.14 Implements pdfTeX's escape features (HO)
Package: bigintcalc 2016/05/16 v1.4 Expandable calculations on big integers (HO
)
Package: bitset 2016/05/16 v1.2 Handle bit-vector datatype (HO)
Package: uniquecounter 2016/05/16 v1.3 Provide unlimited unique counter (HO)
)
Package hobsub Info: Skipping package `hobsub' (already loaded).
Package: letltxmacro 2016/05/16 v1.5 Let assignment for LaTeX macros (HO)
Package: hopatch 2016/05/16 v1.3 Wrapper for package hooks (HO)
Package: xcolor-patch 2016/05/16 xcolor patch
Package: atveryend 2016/05/16 v1.9 Hooks at the very end of document (HO)
Package atveryend Info: \enddocument detected (standard20110627).
Package: atbegshi 2016/06/09 v1.18 At begin shipout hook (HO)
Package: refcount 2016/05/16 v3.5 Data extraction from label references (HO)
Package: hycolor 2016/05/16 v1.8 Color options for hyperref/bookmark (HO)
)
("C:\Program Files\MiKTeX 2.9\tex\generic\ifxetex\ifxetex.sty"
Package: ifxetex 2010/09/12 v0.6 Provides ifxetex conditional
)
("C:\Program Files\MiKTeX 2.9\tex\latex\oberdiek\auxhook.sty"
Package: auxhook 2016/05/16 v1.4 Hooks for auxiliary files (HO)
)
("C:\Program Files\MiKTeX 2.9\tex\latex\oberdiek\kvoptions.sty"
Package: kvoptions 2016/05/16 v3.12 Key value format for package options (HO)
)
\@linkdim=\dimen137
\Hy@linkcounter=\count117
\Hy@pagecounter=\count118

("C:\Program Files\MiKTeX 2.9\tex\latex\hyperref\pd1enc.def"
File: pd1enc.def 2017/03/14 v6.85a Hyperref: PDFDocEncoding definition (HO)
)
\Hy@SavedSpaceFactor=\count119

("C:\Program Files\MiKTeX 2.9\tex\latex\00miktex\hyperref.cfg"
File: hyperref.cfg 2002/06/06 v1.2 hyperref configuration of TeXLive
)
Package hyperref Info: Hyper figures OFF on input line 4498.
Package hyperref Info: Link nesting OFF on input line 4503.
Package hyperref Info: Hyper index ON on input line 4506.
Package hyperref Info: Plain pages OFF on input line 4513.
Package hyperref Info: Backreferencing OFF on input line 4518.
Package hyperref Info: Implicit mode ON; LaTeX internals redefined.
Package hyperref Info: Bookmarks ON on input line 4751.
\c@Hy@tempcnt=\count120

("C:\Program Files\MiKTeX 2.9\tex\latex\url\url.sty"
\Urlmuskip=\muskip11
Package: url 2013/09/16  ver 3.4  Verb mode for urls, etc.
)
LaTeX Info: Redefining \url on input line 5104.
\XeTeXLinkMargin=\dimen138
\Fld@menulength=\count121
\Field@Width=\dimen139
\Fld@charsize=\dimen140
Package hyperref Info: Hyper figures OFF on input line 6358.
Package hyperref Info: Link nesting OFF on input line 6363.
Package hyperref Info: Hyper index ON on input line 6366.
Package hyperref Info: backreferencing OFF on input line 6373.
Package hyperref Info: Link coloring OFF on input line 6378.
Package hyperref Info: Link coloring with OCG OFF on input line 6383.
Package hyperref Info: PDF/A mode OFF on input line 6388.
LaTeX Info: Redefining \ref on input line 6428.
LaTeX Info: Redefining \pageref on input line 6432.
\Hy@abspage=\count122
\c@Item=\count123
\c@Hfootnote=\count124
)

Package hyperref Message: Driver (autodetected): hpdftex.

("C:\Program Files\MiKTeX 2.9\tex\latex\hyperref\hpdftex.def"
File: hpdftex.def 2017/03/14 v6.85a Hyperref driver for pdfTeX
\Fld@listcount=\count125
\c@bookmark@seq@number=\count126

("C:\Program Files\MiKTeX 2.9\tex\latex\oberdiek\rerunfilecheck.sty"
Package: rerunfilecheck 2016/05/16 v1.8 Rerun checks for auxiliary files (HO)
Package uniquecounter Info: New unique counter `rerunfilecheck' on input line 2
82.
)
\Hy@SectionHShift=\skip56
)
("C:\Program Files\MiKTeX 2.9\tex\latex\algorithmicx\algorithmicx.sty"
Package: algorithmicx 2005/04/27 v1.2 Algorithmicx

Document Style algorithmicx 1.2 - a greatly improved `algorithmic' style
\c@ALG@line=\count127
\c@ALG@rem=\count128
\c@ALG@nested=\count129
\ALG@tlm=\skip57
\ALG@thistlm=\skip58
\c@ALG@Lnr=\count130
\c@ALG@blocknr=\count131
\c@ALG@storecount=\count132
\c@ALG@tmpcounter=\count133
\ALG@tmplength=\skip59
) ("C:\Program Files\MiKTeX 2.9\tex\latex\algorithmicx\algpseudocode.sty"
Package: algpseudocode 

Document Style - pseudocode environments for use with the `algorithmicx' style
) ("C:\Program Files\MiKTeX 2.9\tex\latex\algorithms\algorithm.sty"
Package: algorithm 2009/08/24 v0.1 Document Style `algorithm' - floating enviro
nment

("C:\Program Files\MiKTeX 2.9\tex\latex\float\float.sty"
Package: float 2001/11/08 v1.3d Float enhancements (AL)
\c@float@type=\count134
\float@exts=\toks44
\float@box=\box31
\@float@everytoks=\toks45
\@floatcapt=\box32
)
\@float@every@algorithm=\toks46
\c@algorithm=\count135
)

Package hyperref Warning: Option `bookmarks' has already been used,
(hyperref)                setting the option has no effect on input line 83.

Package hyperref Info: Option `unicode' set `false' on input line 83.
Package hyperref Info: Option `pdfnewwindow' set `true' on input line 83.
Package hyperref Info: Option `colorlinks' set `true' on input line 83.
\@input{commons/lstlistings.aux}
\openout2 = `commons/lstlistings.aux'.

(commons/lstlistings.tex
("C:\Program Files\MiKTeX 2.9\tex\latex\listings\lstlang1.sty"
File: lstlang1.sty 2015/06/04 1.6 listings language file
))
(C:\Sulibuli\7\Szakdoga\git\Szakdoga\LaTeX_diplomaterv\temp\diploma.aux)
\openout1 = `diploma.aux'.

LaTeX Font Info:    Checking defaults for OML/cmm/m/it on input line 156.
LaTeX Font Info:    ... okay on input line 156.
LaTeX Font Info:    Checking defaults for T1/cmr/m/n on input line 156.
LaTeX Font Info:    ... okay on input line 156.
LaTeX Font Info:    Checking defaults for OT1/cmr/m/n on input line 156.
LaTeX Font Info:    ... okay on input line 156.
LaTeX Font Info:    Checking defaults for OMS/cmsy/m/n on input line 156.
LaTeX Font Info:    ... okay on input line 156.
LaTeX Font Info:    Checking defaults for OMX/cmex/m/n on input line 156.
LaTeX Font Info:    ... okay on input line 156.
LaTeX Font Info:    Checking defaults for U/cmr/m/n on input line 156.
LaTeX Font Info:    ... okay on input line 156.
LaTeX Font Info:    Checking defaults for PD1/pdf/m/n on input line 156.
LaTeX Font Info:    ... okay on input line 156.

("C:\Program Files\MiKTeX 2.9\tex\context\base\supp-pdf.mkii"
[Loading MPS to PDF converter (version 2006.09.02).]
\scratchcounter=\count136
\scratchdimen=\dimen141
\scratchbox=\box33
\nofMPsegments=\count137
\nofMParguments=\count138
\everyMPshowfont=\toks47
\MPscratchCnt=\count139
\MPscratchDim=\dimen142
\MPnumerator=\count140
\makeMPintoPDFobject=\count141
\everyMPtoPDFconversion=\toks48
) ("C:\Program Files\MiKTeX 2.9\tex\latex\oberdiek\epstopdf-base.sty"
Package: epstopdf-base 2016/05/15 v2.6 Base part for package epstopdf

("C:\Program Files\MiKTeX 2.9\tex\latex\oberdiek\grfext.sty"
Package: grfext 2016/05/16 v1.2 Manage graphics extensions (HO)
)
Package epstopdf-base Info: Redefining graphics rule for `.eps' on input line 4
38.
Package grfext Info: Graphics extension search list:
(grfext)             [.pdf,.png,.jpg,.mps,.jpeg,.jbig2,.jb2,.PDF,.PNG,.JPG,.JPE
G,.JBIG2,.JB2,.eps]
(grfext)             \AppendGraphicsExtensions on input line 456.
)
\c@lstlisting=\count142
Package lastpage Info: Please have a look at the pageslts package at
(lastpage)             https://www.ctan.org/pkg/pageslts
(lastpage)             ! on input line 156.


LaTeX Warning: Please use \usepackage[latin2]{inputenc} with
               \usepackage[magyar]{babel}.

Package caption Info: Begin \AtBeginDocument code.
Package caption Info: float package is loaded.
Package caption Info: hyperref package is loaded.
Package caption Info: End \AtBeginDocument code.
\AtBeginShipoutBox=\box34
Package hyperref Info: Link coloring ON on input line 156.
("C:\Program Files\MiKTeX 2.9\tex\latex\hyperref\nameref.sty"
Package: nameref 2016/05/21 v2.44 Cross-referencing by name of section

("C:\Program Files\MiKTeX 2.9\tex\generic\oberdiek\gettitlestring.sty"
Package: gettitlestring 2016/05/16 v1.5 Cleanup title references (HO)
)
\c@section@level=\count143
)
LaTeX Info: Redefining \ref on input line 156.
LaTeX Info: Redefining \pageref on input line 156.
LaTeX Info: Redefining \nameref on input line 156.

(C:\Sulibuli\7\Szakdoga\git\Szakdoga\LaTeX_diplomaterv\temp\diploma.out)
(C:\Sulibuli\7\Szakdoga\git\Szakdoga\LaTeX_diplomaterv\temp\diploma.out)
\@outlinefile=\write3
\openout3 = `diploma.out'.


("C:\Program Files\MiKTeX 2.9\tex\latex\base\report.cls"
LaTeX Info: Redefining \cal on input line 576.
LaTeX Info: Redefining \mit on input line 577.
) (src/titlepage.tex
<src/figures/BMElogo.png, id=151, 975.645pt x 273.02pt>
File: src/figures/BMElogo.png Graphic file (type png)
<use src/figures/BMElogo.png>
Package pdftex.def Info: src/figures/BMElogo.png  used on input line 6. on inpu
t line 6.
Package pdftex.def Info: Requested size: 170.71652pt x 47.77087pt on input line
 6.
LaTeX Font Info:    Try loading font information for U+msa on input line 17.

("C:\Program Files\MiKTeX 2.9\tex\latex\amsfonts\umsa.fd"
File: umsa.fd 2013/01/14 v3.01 AMS symbols A
)
LaTeX Font Info:    Try loading font information for U+msb on input line 17.

("C:\Program Files\MiKTeX 2.9\tex\latex\amsfonts\umsb.fd"
File: umsb.fd 2013/01/14 v3.01 AMS symbols B
) [1




{C:/Users/Timi/AppData/Local/MiKTeX/2.9/pdftex/config/pdftex.map} <./src/figure
s/BMElogo.png>])
(C:\Sulibuli\7\Szakdoga\git\Szakdoga\LaTeX_diplomaterv\temp\diploma.tocpdfTeX w
arning (ext4): destination with the same identifier (name{page.1}) has been alr
eady used, duplicate ignored
<to be read again> 
                   \relax 
l.25 ....2}Extra funkci\'ok}{24}{subsection.5.1.2}
                                                   [1



pdfTeX warning: pdflatex.exe: pop empty color page stack 0
])
\tf@toc=\write4
\openout4 = `diploma.toc'.

 [2] (src/declaration.tex [3

]) (src/abstract.tex [4


]) (src/introduction.tex
[5

]
1. fejezet.
[6

]
<src/figures/filelevel.png, id=228, 609.9588pt x 343.0416pt>
File: src/figures/filelevel.png Graphic file (type png)
<use src/figures/filelevel.png>
Package pdftex.def Info: src/figures/filelevel.png  used on input line 17. on i
nput line 17.
Package pdftex.def Info: Requested size: 256.07741pt x 144.01889pt on input lin
e 17.
LaTeX Font Info:    Try loading font information for OMS+cmr on input line 29.
 ("C:\Program Files\MiKTeX 2.9\tex\latex\base\omscmr.fd"
File: omscmr.fd 2014/09/29 v2.5h Standard LaTeX font definitions
)
LaTeX Font Info:    Font shape `OMS/cmr/m/n' in size <10.95> not available
(Font)              Font shape `OMS/cmsy/m/n' tried instead on input line 29.
)
(src/casestudy.tex [7 <./src/figures/filelevel.png>] [8]
2. fejezet.
<src/figures/windturbinemodel.jpg, id=249, 697.8572pt x 551.05875pt>
File: src/figures/windturbinemodel.jpg Graphic file (type jpg)
<use src/figures/windturbinemodel.jpg>
Package pdftex.def Info: src/figures/windturbinemodel.jpg  used on input line 1
1. on input line 11.
Package pdftex.def Info: Requested size: 256.07741pt x 202.20685pt on input lin
e 11.
[9

 <./src/figures/windturbinemodel.jpg>]
<src/figures/principalengineer.jpg, id=257, 584.1825pt x 389.20406pt>
File: src/figures/principalengineer.jpg Graphic file (type jpg)
<use src/figures/principalengineer.jpg>
Package pdftex.def Info: src/figures/principalengineer.jpg  used on input line 
31. on input line 31.
Package pdftex.def Info: Requested size: 170.71393pt x 113.73334pt on input lin
e 31.
<src/figures/iomanager.jpg, id=258, 584.1825pt x 389.20406pt>
File: src/figures/iomanager.jpg Graphic file (type jpg)
<use src/figures/iomanager.jpg>
Package pdftex.def Info: src/figures/iomanager.jpg  used on input line 36. on i
nput line 36.
Package pdftex.def Info: Requested size: 170.71393pt x 113.73334pt on input lin
e 36.
<src/figures/subsystemmanager.jpg, id=259, 584.1825pt x 389.20406pt>
File: src/figures/subsystemmanager.jpg Graphic file (type jpg)
<use src/figures/subsystemmanager.jpg>
Package pdftex.def Info: src/figures/subsystemmanager.jpg  used on input line 4
2. on input line 42.
Package pdftex.def Info: Requested size: 170.71393pt x 113.73334pt on input lin
e 42.
<src/figures/legend1.jpg, id=260, 310.91156pt x 135.50626pt>
File: src/figures/legend1.jpg Graphic file (type jpg)
<use src/figures/legend1.jpg>
Package pdftex.def Info: src/figures/legend1.jpg  used on input line 48. on inp
ut line 48.
Package pdftex.def Info: Requested size: 128.0387pt x 55.80396pt on input line 
48.
) (src/background.tex [10 <./src/figures/principalengineer.jpg> <./src/figures/
iomanager.jpg> <./src/figures/subsystemmanager.jpg> <./src/figures/legend1.jpg>
] [11]
3. fejezet.
[12

]
<src/figures/metamodel.jpg, id=277, 656.4525pt x 471.26062pt>
File: src/figures/metamodel.jpg Graphic file (type jpg)
<use src/figures/metamodel.jpg>
Package pdftex.def Info: src/figures/metamodel.jpg  used on input line 27. on i
nput line 27.
Package pdftex.def Info: Requested size: 341.43437pt x 245.11446pt on input lin
e 27.
<src/figures/instancemodel.jpg, id=278, 462.97969pt x 295.1025pt>
File: src/figures/instancemodel.jpg Graphic file (type jpg)
<use src/figures/instancemodel.jpg>
Package pdftex.def Info: src/figures/instancemodel.jpg  used on input line 36. 
on input line 36.
Package pdftex.def Info: Requested size: 170.71393pt x 108.81247pt on input lin
e 36.
<src/figures/treeeditor.png, id=279, 399.74344pt x 280.04625pt>
File: src/figures/treeeditor.png Graphic file (type png)
<use src/figures/treeeditor.png>
Package pdftex.def Info: src/figures/treeeditor.png  used on input line 40. on 
input line 40.
Package pdftex.def Info: Requested size: 170.71393pt x 119.59708pt on input lin
e 40.
 [13 <./src/figures/metamodel.jpg> <./src/figures/instancemodel.jpg> <./src/fig
ures/treeeditor.png>]
LaTeX Font Info:    Try loading font information for T1+cmtt on input line 68.
 ("C:\Program Files\MiKTeX 2.9\tex\latex\base\t1cmtt.fd"
File: t1cmtt.fd 2014/09/29 v2.5h Standard LaTeX font definitions
)

Package hyperref Warning: Glyph not defined in PD1 encoding,
(hyperref)                removing `\H' on input line 75.

[14] [15]
<src/figures/accessrule.jpg, id=304, 526.21594pt x 101.62968pt>
File: src/figures/accessrule.jpg Graphic file (type jpg)
<use src/figures/accessrule.jpg>
Package pdftex.def Info: src/figures/accessrule.jpg  used on input line 121. on
 input line 121.
Package pdftex.def Info: Requested size: 341.43437pt x 65.9453pt on input line 
121.
 [16 <./src/figures/accessrule.jpg>]
<src/figures/judgement.jpg, id=315, 581.92406pt x 70.76437pt>
File: src/figures/judgement.jpg Graphic file (type jpg)
<use src/figures/judgement.jpg>
Package pdftex.def Info: src/figures/judgement.jpg  used on input line 155. on 
input line 155.
Package pdftex.def Info: Requested size: 341.43437pt x 41.52061pt on input line
 155.


LaTeX Warning: `h' float specifier changed to `ht'.

) (src/overview.tex [17] [18 <./src/figures/judgement.jpg>]
4. fejezet.
<src/figures/lens.jpg, id=327, 558.58687pt x 234.1247pt>
File: src/figures/lens.jpg Graphic file (type jpg)
<use src/figures/lens.jpg>
Package pdftex.def Info: src/figures/lens.jpg  used on input line 14. on input 
line 14.
Package pdftex.def Info: Requested size: 341.43437pt x 143.11237pt on input lin
e 14.
[19

 <./src/figures/lens.jpg>]
<src/figures/algorithm.jpg, id=334, 745.28438pt x 474.27188pt>
File: src/figures/algorithm.jpg Graphic file (type jpg)
<use src/figures/algorithm.jpg>
Package pdftex.def Info: src/figures/algorithm.jpg  used on input line 30. on i
nput line 30.
Package pdftex.def Info: Requested size: 341.43437pt x 217.27034pt on input lin
e 30.
) (src/implementation.tex [20 <./src/figures/algorithm.jpg>] [21]
5. fejezet.
[22

]
<src/figures/grammar.jpg, id=350, 768.62157pt x 455.45157pt>
File: src/figures/grammar.jpg Graphic file (type jpg)
<use src/figures/grammar.jpg>
Package pdftex.def Info: src/figures/grammar.jpg  used on input line 18. on inp
ut line 18.
Package pdftex.def Info: Requested size: 426.79135pt x 252.9037pt on input line
 18.
 [23 <./src/figures/grammar.jpg>]

LaTeX Warning: Reference `' on page 24 undefined on input line 48.


LaTeX Warning: Reference `' on page 24 undefined on input line 48.

[24] (src/code/policy.txt
LaTeX Font Info:    Font shape `T1/cmtt/bx/n' in size <8> not available
(Font)              Font shape `T1/cmtt/m/n' tried instead on input line 1.
) (src/code/query.txt)

Package hyperref Warning: Glyph not defined in PD1 encoding,
(hyperref)                removing `\H' on input line 68.


Package hyperref Warning: Glyph not defined in PD1 encoding,
(hyperref)                removing `\H' on input line 72.

[25]
<src/figures/legend.jpg, id=403, 88.83188pt x 85.06781pt>
File: src/figures/legend.jpg Graphic file (type jpg)
<use src/figures/legend.jpg>
Package pdftex.def Info: src/figures/legend.jpg  used on input line 78. on inpu
t line 78.
Package pdftex.def Info: Requested size: 85.35696pt x 81.74333pt on input line 
78.
<src/figures/r1.jpg, id=404, 322.95656pt x 54.9553pt>
File: src/figures/r1.jpg Graphic file (type jpg)
<use src/figures/r1.jpg>
Package pdftex.def Info: src/figures/r1.jpg  used on input line 92. on input li
ne 92.
Package pdftex.def Info: Requested size: 213.39568pt x 36.31169pt on input line
 92.
<src/figures/r2a.jpg, id=405, 654.19406pt x 54.9553pt>
File: src/figures/r2a.jpg Graphic file (type jpg)
<use src/figures/r2a.jpg>
Package pdftex.def Info: src/figures/r2a.jpg  used on input line 106. on input 
line 106.
Package pdftex.def Info: Requested size: 426.79135pt x 35.85216pt on input line
 106.
<src/figures/r2b.jpg, id=406, 472.01344pt x 55.70813pt>
File: src/figures/r2b.jpg Graphic file (type jpg)
<use src/figures/r2b.jpg>
Package pdftex.def Info: src/figures/r2b.jpg  used on input line 111. on input 
line 111.
Package pdftex.def Info: Requested size: 298.75264pt x 35.26035pt on input line
 111.
 [26 <./src/figures/legend.jpg> <./src/figures/r1.jpg> <./src/figures/r2a.jpg> 
<./src/figures/r2b.jpg>]
<src/figures/r3a.jpg, id=414, 291.33844pt x 156.585pt>
File: src/figures/r3a.jpg Graphic file (type jpg)
<use src/figures/r3a.jpg>
Package pdftex.def Info: src/figures/r3a.jpg  used on input line 127. on input 
line 127.
Package pdftex.def Info: Requested size: 170.71393pt x 91.75595pt on input line
 127.
<src/figures/r3b.jpg, id=415, 291.33844pt x 156.585pt>
File: src/figures/r3b.jpg Graphic file (type jpg)
<use src/figures/r3b.jpg>
Package pdftex.def Info: src/figures/r3b.jpg  used on input line 132. on input 
line 132.
Package pdftex.def Info: Requested size: 170.71393pt x 91.75595pt on input line
 132.
<src/figures/r4a.jpg, id=416, 289.83281pt x 67.0003pt>
File: src/figures/r4a.jpg Graphic file (type jpg)
<use src/figures/r4a.jpg>
Package pdftex.def Info: src/figures/r4a.jpg  used on input line 147. on input 
line 147.
Package pdftex.def Info: Requested size: 170.71393pt x 39.46336pt on input line
 147.
<src/figures/r4b.jpg, id=417, 322.95656pt x 54.9553pt>
File: src/figures/r4b.jpg Graphic file (type jpg)
<use src/figures/r4b.jpg>
Package pdftex.def Info: src/figures/r4b.jpg  used on input line 152. on input 
line 152.
Package pdftex.def Info: Requested size: 170.71393pt x 29.04901pt on input line
 152.
<src/figures/o.jpg, id=418, 322.95656pt x 67.0003pt>
File: src/figures/o.jpg Graphic file (type jpg)
<use src/figures/o.jpg>
Package pdftex.def Info: src/figures/o.jpg  used on input line 162. on input li
ne 162.
Package pdftex.def Info: Requested size: 256.07741pt x 53.12798pt on input line
 162.
 [27 <./src/figures/r3a.jpg> <./src/figures/r3b.jpg> <./src/figures/r4a.jpg> <.
/src/figures/r4b.jpg>]
<src/figures/w1a.jpg, id=425, 291.33844pt x 156.585pt>
File: src/figures/w1a.jpg Graphic file (type jpg)
<use src/figures/w1a.jpg>
Package pdftex.def Info: src/figures/w1a.jpg  used on input line 175. on input 
line 175.
Package pdftex.def Info: Requested size: 213.39568pt x 114.69554pt on input lin
e 175.
<src/figures/w1b.jpg, id=426, 291.33844pt x 156.585pt>
File: src/figures/w1b.jpg Graphic file (type jpg)
<use src/figures/w1b.jpg>
Package pdftex.def Info: src/figures/w1b.jpg  used on input line 180. on input 
line 180.
Package pdftex.def Info: Requested size: 213.39568pt x 114.69554pt on input lin
e 180.
<src/figures/w2a.jpg, id=427, 291.33844pt x 156.585pt>
File: src/figures/w2a.jpg Graphic file (type jpg)
<use src/figures/w2a.jpg>
Package pdftex.def Info: src/figures/w2a.jpg  used on input line 196. on input 
line 196.
Package pdftex.def Info: Requested size: 213.39568pt x 114.69554pt on input lin
e 196.
<src/figures/w2b.jpg, id=428, 291.33844pt x 156.585pt>
File: src/figures/w2b.jpg Graphic file (type jpg)
<use src/figures/w2b.jpg>
Package pdftex.def Info: src/figures/w2b.jpg  used on input line 201. on input 
line 201.
Package pdftex.def Info: Requested size: 213.39568pt x 114.69554pt on input lin
e 201.


LaTeX Warning: `h' float specifier changed to `ht'.

[28 <./src/figures/o.jpg> <./src/figures/w1a.jpg> <./src/figures/w1b.jpg>]

Package hyperref Warning: Glyph not defined in PD1 encoding,
(hyperref)                removing `\H' on input line 220.


Package hyperref Warning: Glyph not defined in PD1 encoding,
(hyperref)                removing `\H' on input line 224.

Package hyperref Info: bookmark level for unknown algorithm defaults to 0 on in
put line 228.
[29 <./src/figures/w2a.jpg> <./src/figures/w2b.jpg>] [30]

! Package enumitem Error: restart undefined.

See the enumitem package documentation for explanation.
Type  H <return>  for immediate help.
 ...                                              
                                                  
l.269 \begin{enumerate}[restart]
                                
Try typing  <return>  to proceed.
If that doesn't work, type  X <return>  to quit.

[31]
Underfull \hbox (badness 1043) in paragraph at lines 285--287
\T1/cmr/m/n/10.95 A meg-ol-dás eset-ta-nul-má-nyon va-ló tesz-te-lé-sé-hez a 2 
fe-je-zet-ben em-lí-tett hozzáférés-
 []

<src/figures/subsystemmanagerresult.jpg, id=465, 1038.88126pt x 295.1025pt>
File: src/figures/subsystemmanagerresult.jpg Graphic file (type jpg)
<use src/figures/subsystemmanagerresult.jpg>
Package pdftex.def Info: src/figures/subsystemmanagerresult.jpg  used on input 
line 293. on input line 293.
Package pdftex.def Info: Requested size: 426.79135pt x 121.23145pt on input lin
e 293.
<src/figures/iomanagerresult.jpg, id=466, 1038.88126pt x 295.1025pt>
File: src/figures/iomanagerresult.jpg Graphic file (type jpg)
<use src/figures/iomanagerresult.jpg>
Package pdftex.def Info: src/figures/iomanagerresult.jpg  used on input line 29
4. on input line 294.
Package pdftex.def Info: Requested size: 426.79135pt x 121.23145pt on input lin
e 294.
<src/figures/principalengineerresult.jpg, id=467, 1038.88126pt x 295.1025pt>
File: src/figures/principalengineerresult.jpg Graphic file (type jpg)
<use src/figures/principalengineerresult.jpg>
Package pdftex.def Info: src/figures/principalengineerresult.jpg  used on input
 line 295. on input line 295.
Package pdftex.def Info: Requested size: 426.79135pt x 121.23145pt on input lin
e 295.
) (src/measurements.tex [32] [33 <./src/figures/subsystemmanagerresult.jpg> <./
src/figures/iomanagerresult.jpg> <./src/figures/principalengineerresult.jpg>]
6. fejezet.
<src/figures/principalengineermeasurement.jpg, id=478, 362.10281pt x 217.5628pt
>
File: src/figures/principalengineermeasurement.jpg Graphic file (type jpg)
<use src/figures/principalengineermeasurement.jpg>
Package pdftex.def Info: src/figures/principalengineermeasurement.jpg  used on 
input line 19. on input line 19.
Package pdftex.def Info: Requested size: 170.71393pt x 102.5699pt on input line
 19.
<src/figures/iomanagermeasurement.jpg, id=479, 362.10281pt x 217.5628pt>
File: src/figures/iomanagermeasurement.jpg Graphic file (type jpg)
<use src/figures/iomanagermeasurement.jpg>
Package pdftex.def Info: src/figures/iomanagermeasurement.jpg  used on input li
ne 24. on input line 24.
Package pdftex.def Info: Requested size: 170.71393pt x 102.5699pt on input line
 24.
<src/figures/subsystemmanagermeasurement.jpg, id=480, 362.10281pt x 217.5628pt>

File: src/figures/subsystemmanagermeasurement.jpg Graphic file (type jpg)
<use src/figures/subsystemmanagermeasurement.jpg>
Package pdftex.def Info: src/figures/subsystemmanagermeasurement.jpg  used on i
nput line 30. on input line 30.
Package pdftex.def Info: Requested size: 170.71393pt x 102.5699pt on input line
 30.

LaTeX Warning: `h' float specifier changed to `ht'.

) (src/relatedwork.tex [34

] [35 <./src/figures/principalengineermeasurement.jpg> <./src/figures/iomanager
measurement.jpg> <./src/figures/subsystemmanagermeasurement.jpg>]
7. fejezet.
) (src/conclusionandfuturework.tex [36

]
8. fejezet.
[37

]) (C:\Sulibuli\7\Szakdoga\git\Szakdoga\LaTeX_diplomaterv\temp\diploma.bbl
[38])
\tf@thm=\write5
\openout5 = `diploma.thm'.

 
AED: lastpage setting LastPage
[39

]
Package atveryend Info: Empty hook `BeforeClearDocument' on input line 183.
Package atveryend Info: Empty hook `AfterLastShipout' on input line 183.
 (C:\Sulibuli\7\Szakdoga\git\Szakdoga\LaTeX_diplomaterv\temp\diploma.aux)
Package atveryend Info: Executing hook `AtVeryEndDocument' on input line 183.
Package atveryend Info: Executing hook `AtEndAfterFileList' on input line 183.
Package rerunfilecheck Info: File `diploma.out' has not changed.
(rerunfilecheck)             Checksum: 46C9D876FDC960836047815BE5CDD3C8;2804.


LaTeX Warning: There were undefined references.

Package atveryend Info: Empty hook `AtVeryVeryEnd' on input line 183.
 ) 
Here is how much of TeX's memory you used:
 12072 strings out of 493312
 184571 string characters out of 3138901
 314072 words of memory out of 3000000
 15202 multiletter control sequences out of 15000+200000
 23127 words of font info for 53 fonts, out of 3000000 for 9000
 1141 hyphenation exceptions out of 8191
 36i,8n,42p,1094b,1149s stack positions out of 5000i,500n,10000p,200000b,50000s
 <C:\Users\Timi\AppData\Local\MiKTeX\2.9\fonts\pk\ljfour\jknappen\ec\dpi600\e
ccc1095.pk> <C:\Users\Timi\AppData\Local\MiKTeX\2.9\fonts\pk\ljfour\jknappen\ec
\dpi600\ectt0800.pk> <C:\Users\Timi\AppData\Local\MiKTeX\2.9\fonts\pk\ljfour\jk
nappen\ec\dpi600\ecti1000.pk> <C:\Users\Timi\AppData\Local\MiKTeX\2.9\fonts\pk\
ljfour\jknappen\ec\dpi600\ecti0900.pk> <C:\Users\Timi\AppData\Local\MiKTeX\2.9\
fonts\pk\ljfour\jknappen\ec\dpi600\ecbx1000.pk> <C:\Users\Timi\AppData\Local\Mi
KTeX\2.9\fonts\pk\ljfour\jknappen\ec\dpi600\ecbx1200.pk> <C:\Users\Timi\AppData
\Local\MiKTeX\2.9\fonts\pk\ljfour\jknappen\ec\dpi600\ecbx2488.pk> <C:\Users\Tim
i\AppData\Local\MiKTeX\2.9\fonts\pk\ljfour\jknappen\ec\dpi600\ecrm1200.pk> <C:\
Users\Timi\AppData\Local\MiKTeX\2.9\fonts\pk\ljfour\jknappen\ec\dpi600\ecti1095
.pk> <C:\Users\Timi\AppData\Local\MiKTeX\2.9\fonts\pk\ljfour\jknappen\ec\dpi600
\eccc1440.pk> <C:\Users\Timi\AppData\Local\MiKTeX\2.9\fonts\pk\ljfour\jknappen\
ec\dpi600\ecbx2074.pk> <C:\Users\Timi\AppData\Local\MiKTeX\2.9\fonts\pk\ljfour\
jknappen\ec\dpi600\ecrm1095.pk> <C:\Users\Timi\AppData\Local\MiKTeX\2.9\fonts\p
k\ljfour\jknappen\ec\dpi600\ecbx1095.pk><C:/Program Files/MiKTeX 2.9/fonts/type
1/public/amsfonts/cm/cmmi10.pfb><C:/Program Files/MiKTeX 2.9/fonts/type1/public
/amsfonts/cm/cmr10.pfb><C:/Program Files/MiKTeX 2.9/fonts/type1/public/amsfonts
/cm/cmsy10.pfb><C:/Program Files/MiKTeX 2.9/fonts/type1/public/amsfonts/cm/cmsy
8.pfb><C:/Program Files/MiKTeX 2.9/fonts/type1/public/amsfonts/symbols/msam10.p
fb>
Output written on diploma.pdf (40 pages, 1410373 bytes).
PDF statistics:
 1135 PDF objects out of 1200 (max. 8388607)
 158 named destinations out of 1000 (max. 500000)
 467 words of extra memory for PDF output out of 10000 (max. 10000000)

