This is pdfTeX, Version 3.14159265-2.6-1.40.18 (MiKTeX 2.9.6500 64-bit) (preloaded format=pdflatex 2017.12.7)  8 DEC 2017 11:43
entering extended mode
**./diploma.tex
(diploma.tex
LaTeX2e <2017-04-15>
Babel <3.15> and hyphenation patterns for 75 language(s) loaded.
("C:\Program Files\MiKTeX 2.9\tex\latex\base\report.cls"
Document Class: report 2014/09/29 v1.4h Standard LaTeX document class
("C:\Program Files\MiKTeX 2.9\tex\latex\base\size11.clo"
File: size11.clo 2014/09/29 v1.4h Standard LaTeX file (size option)
)
\c@part=\count79
\c@chapter=\count80
\c@section=\count81
\c@subsection=\count82
\c@subsubsection=\count83
\c@paragraph=\count84
\c@subparagraph=\count85
\c@figure=\count86
\c@table=\count87
\abovecaptionskip=\skip41
\belowcaptionskip=\skip42
\bibindent=\dimen102
)
("C:\Program Files\MiKTeX 2.9\tex\latex\base\t1enc.sty"
Package: t1enc 1994/06/01 Standard LaTeX package
)
("C:\Program Files\MiKTeX 2.9\tex\latex\base\inputenc.sty"
Package: inputenc 2015/03/17 v1.2c Input encoding file
\inpenc@prehook=\toks14
\inpenc@posthook=\toks15

("C:\Program Files\MiKTeX 2.9\tex\latex\base\latin2.def"
File: latin2.def 2015/03/17 v1.2c Input encoding file
))
("C:\Program Files\MiKTeX 2.9\tex\latex\amsmath\amsmath.sty"
Package: amsmath 2017/09/02 v2.17a AMS math features
\@mathmargin=\skip43

For additional information on amsmath, use the `?' option.
("C:\Program Files\MiKTeX 2.9\tex\latex\amsmath\amstext.sty"
Package: amstext 2000/06/29 v2.01 AMS text

("C:\Program Files\MiKTeX 2.9\tex\latex\amsmath\amsgen.sty"
File: amsgen.sty 1999/11/30 v2.0 generic functions
\@emptytoks=\toks16
\ex@=\dimen103
))
("C:\Program Files\MiKTeX 2.9\tex\latex\amsmath\amsbsy.sty"
Package: amsbsy 1999/11/29 v1.2d Bold Symbols
\pmbraise@=\dimen104
)
("C:\Program Files\MiKTeX 2.9\tex\latex\amsmath\amsopn.sty"
Package: amsopn 2016/03/08 v2.02 operator names
)
\inf@bad=\count88
LaTeX Info: Redefining \frac on input line 213.
\uproot@=\count89
\leftroot@=\count90
LaTeX Info: Redefining \overline on input line 375.
\classnum@=\count91
\DOTSCASE@=\count92
LaTeX Info: Redefining \ldots on input line 472.
LaTeX Info: Redefining \dots on input line 475.
LaTeX Info: Redefining \cdots on input line 596.
\Mathstrutbox@=\box26
\strutbox@=\box27
\big@size=\dimen105
LaTeX Font Info:    Redeclaring font encoding OML on input line 712.
LaTeX Font Info:    Redeclaring font encoding OMS on input line 713.
\macc@depth=\count93
\c@MaxMatrixCols=\count94
\dotsspace@=\muskip10
\c@parentequation=\count95
\dspbrk@lvl=\count96
\tag@help=\toks17
\row@=\count97
\column@=\count98
\maxfields@=\count99
\andhelp@=\toks18
\eqnshift@=\dimen106
\alignsep@=\dimen107
\tagshift@=\dimen108
\tagwidth@=\dimen109
\totwidth@=\dimen110
\lineht@=\dimen111
\@envbody=\toks19
\multlinegap=\skip44
\multlinetaggap=\skip45
\mathdisplay@stack=\toks20
LaTeX Info: Redefining \[ on input line 2817.
LaTeX Info: Redefining \] on input line 2818.
)
("C:\Program Files\MiKTeX 2.9\tex\latex\amsfonts\amssymb.sty"
Package: amssymb 2013/01/14 v3.01 AMS font symbols

("C:\Program Files\MiKTeX 2.9\tex\latex\amsfonts\amsfonts.sty"
Package: amsfonts 2013/01/14 v3.01 Basic AMSFonts support
\symAMSa=\mathgroup4
\symAMSb=\mathgroup5
LaTeX Font Info:    Overwriting math alphabet `\mathfrak' in version `bold'
(Font)                  U/euf/m/n --> U/euf/b/n on input line 106.
))
("C:\Program Files\MiKTeX 2.9\tex\latex\tools\enumerate.sty"
Package: enumerate 2015/07/23 v3.00 enumerate extensions (DPC)
\@enLab=\toks21
)
("C:\Program Files\MiKTeX 2.9\tex\latex\enumitem\enumitem.sty"
Package: enumitem 2011/09/28 v3.5.2 Customized lists
\enitkv@toks@=\toks22
\labelindent=\skip46
\enit@outerparindent=\dimen112
\enit@toks=\toks23
\enit@inbox=\box28
\enitdp@description=\count100
)
("C:\Program Files\MiKTeX 2.9\tex\latex\ntheorem\ntheorem.sty"
Style `ntheorem', Version 1.33 <2011/08/15>
Package: ntheorem 2011/08/15 1.33
("C:\Program Files\MiKTeX 2.9\tex\latex\base\ifthen.sty"
Package: ifthen 2014/09/29 v1.1c Standard LaTeX ifthen package (DPC)
)
\theorem@style=\toks24
\theorem@@style=\toks25
\theorembodyfont=\toks26
\theoremnumbering=\toks27
\theorempreskipamount=\skip47
\theorempostskipamount=\skip48
\theoremframepreskipamount=\skip49
\theoremframepostskipamount=\skip50
\theoreminframepreskipamount=\skip51
\theoreminframepostskipamount=\skip52
\theorem@preskip=\toks28
\theorem@postskip=\toks29
\theorem@framepreskip=\toks30
\theorem@framepostskip=\toks31
\theorem@inframepreskip=\toks32
\theorem@inframepostskip=\toks33
\theoremindent=\dimen113
\theorem@indent=\dimen114
\theoremrightindent=\dimen115
\theorem@rightindent=\dimen116
\theoremheaderfont=\toks34
\theoremseparator=\toks35
\theoremprework=\toks36
\theorempostwork=\toks37
\theoremsymbol=\toks38
\qedsymbol=\toks39
\theoremkeyword=\toks40
\qedsymbol=\toks41
\thm@topsep=\skip53
\thm@topsepadd=\skip54
Package ntheorem Info: Option `thmmarks' loaded on input line 1175.
\c@endNonectr=\count101
\c@currNonectr=\count102
\mysavskip=\skip55
)
("C:\Program Files\MiKTeX 2.9\tex\latex\graphics\graphics.sty"
Package: graphics 2017/06/25 v1.2c Standard LaTeX Graphics (DPC,SPQR)

("C:\Program Files\MiKTeX 2.9\tex\latex\graphics\trig.sty"
Package: trig 2016/01/03 v1.10 sin cos tan (DPC)
)
("C:\Program Files\MiKTeX 2.9\tex\latex\graphics-cfg\graphics.cfg"
File: graphics.cfg 2016/06/04 v1.11 sample graphics configuration
)
Package graphics Info: Driver file: pdftex.def on input line 99.

("C:\Program Files\MiKTeX 2.9\tex\latex\graphics-def\pdftex.def"
File: pdftex.def 2017/06/24 v1.0g Graphics/color driver for pdftex
))
("C:\Program Files\MiKTeX 2.9\tex\latex\graphics\epsfig.sty"
Package: epsfig 2017/06/25 v1.7b (e)psfig emulation (SPQR)

("C:\Program Files\MiKTeX 2.9\tex\latex\graphics\graphicx.sty"
Package: graphicx 2017/06/01 v1.1a Enhanced LaTeX Graphics (DPC,SPQR)

("C:\Program Files\MiKTeX 2.9\tex\latex\graphics\keyval.sty"
Package: keyval 2014/10/28 v1.15 key=value parser (DPC)
\KV@toks@=\toks42
)
\Gin@req@height=\dimen117
\Gin@req@width=\dimen118
)
\epsfxsize=\dimen119
\epsfysize=\dimen120
)
("C:\Program Files\MiKTeX 2.9\tex\latex\listings\listings.sty"
\lst@mode=\count103
\lst@gtempboxa=\box29
\lst@token=\toks43
\lst@length=\count104
\lst@currlwidth=\dimen121
\lst@column=\count105
\lst@pos=\count106
\lst@lostspace=\dimen122
\lst@width=\dimen123
\lst@newlines=\count107
\lst@lineno=\count108
\lst@maxwidth=\dimen124

("C:\Program Files\MiKTeX 2.9\tex\latex\listings\lstmisc.sty"
File: lstmisc.sty 2015/06/04 1.6 (Carsten Heinz)
\c@lstnumber=\count109
\lst@skipnumbers=\count110
\lst@framebox=\box30
)
("C:\Program Files\MiKTeX 2.9\tex\latex\listings\listings.cfg"
File: listings.cfg 2015/06/04 1.6 listings configuration
))
Package: listings 2015/06/04 1.6 (Carsten Heinz)

("C:\Program Files\MiKTeX 2.9\tex\latex\graphics\color.sty"
Package: color 2016/07/10 v1.1e Standard LaTeX Color (DPC)

("C:\Program Files\MiKTeX 2.9\tex\latex\graphics-cfg\color.cfg"
File: color.cfg 2016/01/02 v1.6 sample color configuration
)
Package color Info: Driver file: pdftex.def on input line 147.
)
("C:\Program Files\MiKTeX 2.9\tex\latex\lastpage\lastpage.sty"
Package: lastpage 2015/03/29 v1.2m Refers to last page's name (HMM; JPG)
)
("C:\Program Files\MiKTeX 2.9\tex\latex\ltxmisc\anysize.sty"
Package: anysize 1994/08/13 1.0 Contributed LaTeX2e package

Package: `anysize' 1.0 <1994/08/13>
\@Leftmargin=\dimen125
\@Rightmargin=\dimen126
\@Topmargin=\dimen127
\@Bottommargin=\dimen128
) ("C:\Program Files\MiKTeX 2.9\tex\generic\babel\babel.sty"
Package: babel 2017/11/03 3.15 The Babel package

("C:\Program Files\MiKTeX 2.9\tex\generic\babel\switch.def"
File: switch.def 2017/11/03 3.15 Babel switching mechanism
)
*************************************
* Local config file bblopts.cfg used
*
("C:\Program Files\MiKTeX 2.9\tex\latex\arabi\bblopts.cfg"
File: bblopts.cfg 2005/09/08 v0.1 add Arabic and Farsi to "declared" options of
 babel
) (magyar.ldf
Language: magyar 2007/10/19 v1.5 Magyar support from the babel v3.7 system

("C:\Program Files\MiKTeX 2.9\tex\generic\babel\babel.def"
File: babel.def 2017/11/03 3.15 Babel common definitions

("C:\Program Files\MiKTeX 2.9\tex\generic\babel\switch.def"
File: switch.def 2017/11/03 3.15 Babel switching mechanism
)
\babel@savecnt=\count111
\U@D=\dimen129
)
Package babel Info: Making ` an active character on input line 2609.
\c@footnote@add=\count112
\c@footnote@ch=\count113
))
("C:\Program Files\MiKTeX 2.9\tex\latex\sectsty\sectsty.sty"
Package: sectsty 2002/02/25 v2.0.2 Commands to change all sectional heading sty
les
)
("C:\Program Files\MiKTeX 2.9\tex\latex\setspace\setspace.sty"
Package: setspace 2011/12/19 v6.7a set line spacing
)
("C:\Program Files\MiKTeX 2.9\tex\latex\caption\caption.sty"
Package: caption 2016/02/21 v3.3-144 Customizing captions (AR)

("C:\Program Files\MiKTeX 2.9\tex\latex\caption\caption3.sty"
Package: caption3 2016/05/22 v1.7-166 caption3 kernel (AR)
Package caption3 Info: TeX engine: e-TeX on input line 67.
\captionmargin=\dimen130
\captionmargin@=\dimen131
\captionwidth=\dimen132
\caption@tempdima=\dimen133
\caption@indent=\dimen134
\caption@parindent=\dimen135
\caption@hangindent=\dimen136
)
\c@ContinuedFloat=\count114
Package caption Info: magyar babel option is loaded.
Package caption Info: listings package is loaded.
)
("C:\Program Files\MiKTeX 2.9\tex\latex\caption\subcaption.sty"
Package: subcaption 2016/05/22 v1.1-161 Sub-captions (AR)
\c@subfigure=\count115
\c@subtable=\count116
)
("C:\Program Files\MiKTeX 2.9\tex\latex\hyperref\hyperref.sty"
Package: hyperref 2017/03/14 v6.85a Hypertext links for LaTeX

("C:\Program Files\MiKTeX 2.9\tex\generic\oberdiek\hobsub-hyperref.sty"
Package: hobsub-hyperref 2016/05/16 v1.14 Bundle oberdiek, subset hyperref (HO)


("C:\Program Files\MiKTeX 2.9\tex\generic\oberdiek\hobsub-generic.sty"
Package: hobsub-generic 2016/05/16 v1.14 Bundle oberdiek, subset generic (HO)
Package: hobsub 2016/05/16 v1.14 Construct package bundles (HO)
Package: infwarerr 2016/05/16 v1.4 Providing info/warning/error messages (HO)
Package: ltxcmds 2016/05/16 v1.23 LaTeX kernel commands for general use (HO)
Package: ifluatex 2016/05/16 v1.4 Provides the ifluatex switch (HO)
Package ifluatex Info: LuaTeX not detected.
Package: ifvtex 2016/05/16 v1.6 Detect VTeX and its facilities (HO)
Package ifvtex Info: VTeX not detected.
Package: intcalc 2016/05/16 v1.2 Expandable calculations with integers (HO)
Package: ifpdf 2017/03/15 v3.2 Provides the ifpdf switch
Package: etexcmds 2016/05/16 v1.6 Avoid name clashes with e-TeX commands (HO)
Package etexcmds Info: Could not find \expanded.
(etexcmds)             That can mean that you are not using pdfTeX 1.50 or
(etexcmds)             that some package has redefined \expanded.
(etexcmds)             In the latter case, load this package earlier.
Package: kvsetkeys 2016/05/16 v1.17 Key value parser (HO)
Package: kvdefinekeys 2016/05/16 v1.4 Define keys (HO)
Package: pdftexcmds 2017/03/19 v0.25 Utility functions of pdfTeX for LuaTeX (HO
)
Package pdftexcmds Info: LuaTeX not detected.
Package pdftexcmds Info: \pdf@primitive is available.
Package pdftexcmds Info: \pdf@ifprimitive is available.
Package pdftexcmds Info: \pdfdraftmode found.
Package: pdfescape 2016/05/16 v1.14 Implements pdfTeX's escape features (HO)
Package: bigintcalc 2016/05/16 v1.4 Expandable calculations on big integers (HO
)
Package: bitset 2016/05/16 v1.2 Handle bit-vector datatype (HO)
Package: uniquecounter 2016/05/16 v1.3 Provide unlimited unique counter (HO)
)
Package hobsub Info: Skipping package `hobsub' (already loaded).
Package: letltxmacro 2016/05/16 v1.5 Let assignment for LaTeX macros (HO)
Package: hopatch 2016/05/16 v1.3 Wrapper for package hooks (HO)
Package: xcolor-patch 2016/05/16 xcolor patch
Package: atveryend 2016/05/16 v1.9 Hooks at the very end of document (HO)
Package atveryend Info: \enddocument detected (standard20110627).
Package: atbegshi 2016/06/09 v1.18 At begin shipout hook (HO)
Package: refcount 2016/05/16 v3.5 Data extraction from label references (HO)
Package: hycolor 2016/05/16 v1.8 Color options for hyperref/bookmark (HO)
)
("C:\Program Files\MiKTeX 2.9\tex\generic\ifxetex\ifxetex.sty"
Package: ifxetex 2010/09/12 v0.6 Provides ifxetex conditional
)
("C:\Program Files\MiKTeX 2.9\tex\latex\oberdiek\auxhook.sty"
Package: auxhook 2016/05/16 v1.4 Hooks for auxiliary files (HO)
)
("C:\Program Files\MiKTeX 2.9\tex\latex\oberdiek\kvoptions.sty"
Package: kvoptions 2016/05/16 v3.12 Key value format for package options (HO)
)
\@linkdim=\dimen137
\Hy@linkcounter=\count117
\Hy@pagecounter=\count118

("C:\Program Files\MiKTeX 2.9\tex\latex\hyperref\pd1enc.def"
File: pd1enc.def 2017/03/14 v6.85a Hyperref: PDFDocEncoding definition (HO)
)
\Hy@SavedSpaceFactor=\count119

("C:\Program Files\MiKTeX 2.9\tex\latex\00miktex\hyperref.cfg"
File: hyperref.cfg 2002/06/06 v1.2 hyperref configuration of TeXLive
)
Package hyperref Info: Hyper figures OFF on input line 4498.
Package hyperref Info: Link nesting OFF on input line 4503.
Package hyperref Info: Hyper index ON on input line 4506.
Package hyperref Info: Plain pages OFF on input line 4513.
Package hyperref Info: Backreferencing OFF on input line 4518.
Package hyperref Info: Implicit mode ON; LaTeX internals redefined.
Package hyperref Info: Bookmarks ON on input line 4751.
\c@Hy@tempcnt=\count120

("C:\Program Files\MiKTeX 2.9\tex\latex\url\url.sty"
\Urlmuskip=\muskip11
Package: url 2013/09/16  ver 3.4  Verb mode for urls, etc.
)
LaTeX Info: Redefining \url on input line 5104.
\XeTeXLinkMargin=\dimen138
\Fld@menulength=\count121
\Field@Width=\dimen139
\Fld@charsize=\dimen140
Package hyperref Info: Hyper figures OFF on input line 6358.
Package hyperref Info: Link nesting OFF on input line 6363.
Package hyperref Info: Hyper index ON on input line 6366.
Package hyperref Info: backreferencing OFF on input line 6373.
Package hyperref Info: Link coloring OFF on input line 6378.
Package hyperref Info: Link coloring with OCG OFF on input line 6383.
Package hyperref Info: PDF/A mode OFF on input line 6388.
LaTeX Info: Redefining \ref on input line 6428.
LaTeX Info: Redefining \pageref on input line 6432.
\Hy@abspage=\count122
\c@Item=\count123
\c@Hfootnote=\count124
)

Package hyperref Message: Driver (autodetected): hpdftex.

("C:\Program Files\MiKTeX 2.9\tex\latex\hyperref\hpdftex.def"
File: hpdftex.def 2017/03/14 v6.85a Hyperref driver for pdfTeX
\Fld@listcount=\count125
\c@bookmark@seq@number=\count126

("C:\Program Files\MiKTeX 2.9\tex\latex\oberdiek\rerunfilecheck.sty"
Package: rerunfilecheck 2016/05/16 v1.8 Rerun checks for auxiliary files (HO)
Package uniquecounter Info: New unique counter `rerunfilecheck' on input line 2
82.
)
\Hy@SectionHShift=\skip56
)
("C:\Program Files\MiKTeX 2.9\tex\latex\algorithmicx\algorithmicx.sty"
Package: algorithmicx 2005/04/27 v1.2 Algorithmicx

Document Style algorithmicx 1.2 - a greatly improved `algorithmic' style
\c@ALG@line=\count127
\c@ALG@rem=\count128
\c@ALG@nested=\count129
\ALG@tlm=\skip57
\ALG@thistlm=\skip58
\c@ALG@Lnr=\count130
\c@ALG@blocknr=\count131
\c@ALG@storecount=\count132
\c@ALG@tmpcounter=\count133
\ALG@tmplength=\skip59
) ("C:\Program Files\MiKTeX 2.9\tex\latex\algorithmicx\algpseudocode.sty"
Package: algpseudocode 

Document Style - pseudocode environments for use with the `algorithmicx' style
) ("C:\Program Files\MiKTeX 2.9\tex\latex\algorithms\algorithm.sty"
Package: algorithm 2009/08/24 v0.1 Document Style `algorithm' - floating enviro
nment

("C:\Program Files\MiKTeX 2.9\tex\latex\float\float.sty"
Package: float 2001/11/08 v1.3d Float enhancements (AL)
\c@float@type=\count134
\float@exts=\toks44
\float@box=\box31
\@float@everytoks=\toks45
\@floatcapt=\box32
)
\@float@every@algorithm=\toks46
\c@algorithm=\count135
)

Package hyperref Warning: Option `bookmarks' has already been used,
(hyperref)                setting the option has no effect on input line 83.

Package hyperref Info: Option `unicode' set `false' on input line 83.
Package hyperref Info: Option `pdfnewwindow' set `true' on input line 83.
Package hyperref Info: Option `colorlinks' set `true' on input line 83.
\@input{commons/lstlistings.aux}
\openout2 = `commons/lstlistings.aux'.

(commons/lstlistings.tex
("C:\Program Files\MiKTeX 2.9\tex\latex\listings\lstlang1.sty"
File: lstlang1.sty 2015/06/04 1.6 listings language file
)) (diploma.aux)
\openout1 = `diploma.aux'.

LaTeX Font Info:    Checking defaults for OML/cmm/m/it on input line 156.
LaTeX Font Info:    ... okay on input line 156.
LaTeX Font Info:    Checking defaults for T1/cmr/m/n on input line 156.
LaTeX Font Info:    ... okay on input line 156.
LaTeX Font Info:    Checking defaults for OT1/cmr/m/n on input line 156.
LaTeX Font Info:    ... okay on input line 156.
LaTeX Font Info:    Checking defaults for OMS/cmsy/m/n on input line 156.
LaTeX Font Info:    ... okay on input line 156.
LaTeX Font Info:    Checking defaults for OMX/cmex/m/n on input line 156.
LaTeX Font Info:    ... okay on input line 156.
LaTeX Font Info:    Checking defaults for U/cmr/m/n on input line 156.
LaTeX Font Info:    ... okay on input line 156.
LaTeX Font Info:    Checking defaults for PD1/pdf/m/n on input line 156.
LaTeX Font Info:    ... okay on input line 156.

("C:\Program Files\MiKTeX 2.9\tex\context\base\supp-pdf.mkii"
[Loading MPS to PDF converter (version 2006.09.02).]
\scratchcounter=\count136
\scratchdimen=\dimen141
\scratchbox=\box33
\nofMPsegments=\count137
\nofMParguments=\count138
\everyMPshowfont=\toks47
\MPscratchCnt=\count139
\MPscratchDim=\dimen142
\MPnumerator=\count140
\makeMPintoPDFobject=\count141
\everyMPtoPDFconversion=\toks48
) ("C:\Program Files\MiKTeX 2.9\tex\latex\oberdiek\epstopdf-base.sty"
Package: epstopdf-base 2016/05/15 v2.6 Base part for package epstopdf

("C:\Program Files\MiKTeX 2.9\tex\latex\oberdiek\grfext.sty"
Package: grfext 2016/05/16 v1.2 Manage graphics extensions (HO)
)
Package epstopdf-base Info: Redefining graphics rule for `.eps' on input line 4
38.
Package grfext Info: Graphics extension search list:
(grfext)             [.pdf,.png,.jpg,.mps,.jpeg,.jbig2,.jb2,.PDF,.PNG,.JPG,.JPE
G,.JBIG2,.JB2,.eps]
(grfext)             \AppendGraphicsExtensions on input line 456.
)
\c@lstlisting=\count142
Package lastpage Info: Please have a look at the pageslts package at
(lastpage)             https://www.ctan.org/pkg/pageslts
(lastpage)             ! on input line 156.


LaTeX Warning: Please use \usepackage[latin2]{inputenc} with
               \usepackage[magyar]{babel}.

Package caption Info: Begin \AtBeginDocument code.
Package caption Info: float package is loaded.
Package caption Info: hyperref package is loaded.
Package caption Info: End \AtBeginDocument code.
\AtBeginShipoutBox=\box34
Package hyperref Info: Link coloring ON on input line 156.
("C:\Program Files\MiKTeX 2.9\tex\latex\hyperref\nameref.sty"
Package: nameref 2016/05/21 v2.44 Cross-referencing by name of section

("C:\Program Files\MiKTeX 2.9\tex\generic\oberdiek\gettitlestring.sty"
Package: gettitlestring 2016/05/16 v1.5 Cleanup title references (HO)
)
\c@section@level=\count143
)
LaTeX Info: Redefining \ref on input line 156.
LaTeX Info: Redefining \pageref on input line 156.
LaTeX Info: Redefining \nameref on input line 156.

(diploma.out) (diploma.out)
\@outlinefile=\write3
\openout3 = `diploma.out'.


("C:\Program Files\MiKTeX 2.9\tex\latex\base\report.cls"
LaTeX Info: Redefining \cal on input line 576.
LaTeX Info: Redefining \mit on input line 577.
) (src/titlepage.tex
<src/figures/BMElogo.png, id=155, 975.645pt x 273.02pt>
File: src/figures/BMElogo.png Graphic file (type png)
<use src/figures/BMElogo.png>
Package pdftex.def Info: src/figures/BMElogo.png  used on input line 6. on inpu
t line 6.
Package pdftex.def Info: Requested size: 170.71652pt x 47.77087pt on input line
 6.
LaTeX Font Info:    Try loading font information for U+msa on input line 17.

("C:\Program Files\MiKTeX 2.9\tex\latex\amsfonts\umsa.fd"
File: umsa.fd 2013/01/14 v3.01 AMS symbols A
)
LaTeX Font Info:    Try loading font information for U+msb on input line 17.

("C:\Program Files\MiKTeX 2.9\tex\latex\amsfonts\umsb.fd"
File: umsb.fd 2013/01/14 v3.01 AMS symbols B
) [1




{C:/Users/dubib/AppData/Local/MiKTeX/2.9/pdftex/config/pdftex.map} <./src/figur
es/BMElogo.png>])
(diploma.tocpdfTeX warning (ext4): destination with the same identifier (name{p
age.1}) has been already used, duplicate ignored
<to be read again> 
                   \relax 
l.25 ....2}Extra funkci\'ok}{22}{subsection.5.1.2}
                                                   [1



pdfTeX warning: pdflatex.exe: pop empty color page stack 0
])
\tf@toc=\write4
\openout4 = `diploma.toc'.

 [2] (src/declaration.tex [3

]) (src/abstract.tex [4


]) (src/introduction.tex
[5

]
1. fejezet.
[6

]
<src/figures/filelevel.png, id=233, 609.9588pt x 343.0416pt>
File: src/figures/filelevel.png Graphic file (type png)
<use src/figures/filelevel.png>
Package pdftex.def Info: src/figures/filelevel.png  used on input line 17. on i
nput line 17.
Package pdftex.def Info: Requested size: 256.07741pt x 144.01889pt on input lin
e 17.
LaTeX Font Info:    Try loading font information for OMS+cmr on input line 29.
 ("C:\Program Files\MiKTeX 2.9\tex\latex\base\omscmr.fd"
File: omscmr.fd 2014/09/29 v2.5h Standard LaTeX font definitions
)
LaTeX Font Info:    Font shape `OMS/cmr/m/n' in size <10.95> not available
(Font)              Font shape `OMS/cmsy/m/n' tried instead on input line 29.
)
(src/casestudy.tex [7 <./src/figures/filelevel.png>] [8]
2. fejezet.
<src/figures/windturbinemodel.jpg, id=255, 697.8572pt x 551.05875pt>
File: src/figures/windturbinemodel.jpg Graphic file (type jpg)
<use src/figures/windturbinemodel.jpg>
Package pdftex.def Info: src/figures/windturbinemodel.jpg  used on input line 1
1. on input line 11.
Package pdftex.def Info: Requested size: 256.07741pt x 202.20685pt on input lin
e 11.
[9

 <./src/figures/windturbinemodel.jpg>]
<src/figures/principalengineer.jpg, id=264, 584.1825pt x 389.20406pt>
File: src/figures/principalengineer.jpg Graphic file (type jpg)
<use src/figures/principalengineer.jpg>
Package pdftex.def Info: src/figures/principalengineer.jpg  used on input line 
31. on input line 31.
Package pdftex.def Info: Requested size: 170.71393pt x 113.73334pt on input lin
e 31.
<src/figures/iomanager.jpg, id=265, 584.1825pt x 389.20406pt>
File: src/figures/iomanager.jpg Graphic file (type jpg)
<use src/figures/iomanager.jpg>
Package pdftex.def Info: src/figures/iomanager.jpg  used on input line 36. on i
nput line 36.
Package pdftex.def Info: Requested size: 170.71393pt x 113.73334pt on input lin
e 36.
<src/figures/subsystemmanager.jpg, id=266, 584.1825pt x 389.20406pt>
File: src/figures/subsystemmanager.jpg Graphic file (type jpg)
<use src/figures/subsystemmanager.jpg>
Package pdftex.def Info: src/figures/subsystemmanager.jpg  used on input line 4
2. on input line 42.
Package pdftex.def Info: Requested size: 170.71393pt x 113.73334pt on input lin
e 42.
<src/figures/legend1.jpg, id=267, 310.91156pt x 135.50626pt>
File: src/figures/legend1.jpg Graphic file (type jpg)
<use src/figures/legend1.jpg>
Package pdftex.def Info: src/figures/legend1.jpg  used on input line 48. on inp
ut line 48.
Package pdftex.def Info: Requested size: 149.37958pt x 65.10428pt on input line
 48.
) (src/background.tex [10 <./src/figures/principalengineer.jpg> <./src/figures/
iomanager.jpg> <./src/figures/subsystemmanager.jpg> <./src/figures/legend1.jpg>
] [11]
3. fejezet.
[12

]
<src/figures/metamodel.jpg, id=288, 656.4525pt x 471.26062pt>
File: src/figures/metamodel.jpg Graphic file (type jpg)
<use src/figures/metamodel.jpg>
Package pdftex.def Info: src/figures/metamodel.jpg  used on input line 27. on i
nput line 27.
Package pdftex.def Info: Requested size: 341.43437pt x 245.11446pt on input lin
e 27.
<src/figures/instancemodel.jpg, id=289, 462.97969pt x 295.1025pt>
File: src/figures/instancemodel.jpg Graphic file (type jpg)
<use src/figures/instancemodel.jpg>
Package pdftex.def Info: src/figures/instancemodel.jpg  used on input line 36. 
on input line 36.
Package pdftex.def Info: Requested size: 170.71393pt x 108.81247pt on input lin
e 36.
<src/figures/treeeditor.png, id=290, 399.74344pt x 280.04625pt>
File: src/figures/treeeditor.png Graphic file (type png)
<use src/figures/treeeditor.png>
Package pdftex.def Info: src/figures/treeeditor.png  used on input line 40. on 
input line 40.
Package pdftex.def Info: Requested size: 170.71393pt x 119.59708pt on input lin
e 40.
 [13 <./src/figures/metamodel.jpg> <./src/figures/instancemodel.jpg> <./src/fig
ures/treeeditor.png>]
LaTeX Font Info:    Try loading font information for T1+cmtt on input line 67.
 ("C:\Program Files\MiKTeX 2.9\tex\latex\base\t1cmtt.fd"
File: t1cmtt.fd 2014/09/29 v2.5h Standard LaTeX font definitions
) (src/code/pattern.txt
LaTeX Font Info:    Font shape `T1/cmtt/bx/n' in size <8> not available
(Font)              Font shape `T1/cmtt/m/n' tried instead on input line 1.
)

Package hyperref Warning: Glyph not defined in PD1 encoding,
(hyperref)                removing `\H' on input line 70.

[14] [15]
<src/figures/accessrule.jpg, id=320, 526.21594pt x 101.62968pt>
File: src/figures/accessrule.jpg Graphic file (type jpg)
<use src/figures/accessrule.jpg>
Package pdftex.def Info: src/figures/accessrule.jpg  used on input line 116. on
 input line 116.
Package pdftex.def Info: Requested size: 341.43437pt x 65.9453pt on input line 
116.
 [16 <./src/figures/accessrule.jpg>]
<src/figures/judgement.jpg, id=331, 581.92406pt x 70.76437pt>
File: src/figures/judgement.jpg Graphic file (type jpg)
<use src/figures/judgement.jpg>
Package pdftex.def Info: src/figures/judgement.jpg  used on input line 150. on 
input line 150.
Package pdftex.def Info: Requested size: 341.43437pt x 41.52061pt on input line
 150.
) (src/overview.tex [17 <./src/figures/judgement.jpg>]
4. fejezet.
<src/figures/lens.jpg, id=339, 558.58687pt x 234.1247pt>
File: src/figures/lens.jpg Graphic file (type jpg)
<use src/figures/lens.jpg>
Package pdftex.def Info: src/figures/lens.jpg  used on input line 14. on input 
line 14.
Package pdftex.def Info: Requested size: 298.75264pt x 125.22153pt on input lin
e 14.
[18

 <./src/figures/lens.jpg>]
<src/figures/algorithm.jpg, id=348, 745.28438pt x 474.27188pt>
File: src/figures/algorithm.jpg Graphic file (type jpg)
<use src/figures/algorithm.jpg>
Package pdftex.def Info: src/figures/algorithm.jpg  used on input line 29. on i
nput line 29.
Package pdftex.def Info: Requested size: 298.75264pt x 190.11064pt on input lin
e 29.
) (src/implementation.tex [19 <./src/figures/algorithm.jpg>]
5. fejezet.
[20

]
<src/figures/grammar.jpg, id=360, 768.62157pt x 455.45157pt>
File: src/figures/grammar.jpg Graphic file (type jpg)
<use src/figures/grammar.jpg>
Package pdftex.def Info: src/figures/grammar.jpg  used on input line 19. on inp
ut line 19.
Package pdftex.def Info: Requested size: 426.79135pt x 252.9037pt on input line
 19.
 [21 <./src/figures/grammar.jpg>] [22] (src/code/policy.txt)
(src/code/query.txt) [23]

Package hyperref Warning: Glyph not defined in PD1 encoding,
(hyperref)                removing `\H' on input line 69.


Package hyperref Warning: Glyph not defined in PD1 encoding,
(hyperref)                removing `\H' on input line 73.


Package hyperref Warning: Glyph not defined in PD1 encoding,
(hyperref)                removing `\H' on input line 73.

<src/figures/legend.jpg, id=416, 88.83188pt x 85.06781pt>
File: src/figures/legend.jpg Graphic file (type jpg)
<use src/figures/legend.jpg>
Package pdftex.def Info: src/figures/legend.jpg  used on input line 79. on inpu
t line 79.
Package pdftex.def Info: Requested size: 64.01608pt x 61.30588pt on input line 
79.
<src/figures/r1.jpg, id=417, 322.95656pt x 54.9553pt>
File: src/figures/r1.jpg Graphic file (type jpg)
<use src/figures/r1.jpg>
Package pdftex.def Info: src/figures/r1.jpg  used on input line 93. on input li
ne 93.
Package pdftex.def Info: Requested size: 213.39568pt x 36.31169pt on input line
 93.
<src/figures/r2a.jpg, id=418, 654.19406pt x 54.9553pt>
File: src/figures/r2a.jpg Graphic file (type jpg)
<use src/figures/r2a.jpg>
Package pdftex.def Info: src/figures/r2a.jpg  used on input line 107. on input 
line 107.
Package pdftex.def Info: Requested size: 426.79135pt x 35.85216pt on input line
 107.
<src/figures/r2b.jpg, id=419, 472.01344pt x 55.70813pt>
File: src/figures/r2b.jpg Graphic file (type jpg)
<use src/figures/r2b.jpg>
Package pdftex.def Info: src/figures/r2b.jpg  used on input line 112. on input 
line 112.
Package pdftex.def Info: Requested size: 298.75264pt x 35.26035pt on input line
 112.
[24

 <./src/figures/legend.jpg> <./src/figures/r1.jpg> <./src/figures/r2a.jpg> <./s
rc/figures/r2b.jpg>]
<src/figures/r3a.jpg, id=428, 291.33844pt x 156.585pt>
File: src/figures/r3a.jpg Graphic file (type jpg)
<use src/figures/r3a.jpg>
Package pdftex.def Info: src/figures/r3a.jpg  used on input line 127. on input 
line 127.
Package pdftex.def Info: Requested size: 192.0548pt x 103.22455pt on input line
 127.
<src/figures/r3b.jpg, id=429, 291.33844pt x 156.585pt>
File: src/figures/r3b.jpg Graphic file (type jpg)
<use src/figures/r3b.jpg>
Package pdftex.def Info: src/figures/r3b.jpg  used on input line 131. on input 
line 131.
Package pdftex.def Info: Requested size: 192.0548pt x 103.22455pt on input line
 131.
<src/figures/r4a.jpg, id=430, 289.83281pt x 67.0003pt>
File: src/figures/r4a.jpg Graphic file (type jpg)
<use src/figures/r4a.jpg>
Package pdftex.def Info: src/figures/r4a.jpg  used on input line 145. on input 
line 145.
Package pdftex.def Info: Requested size: 256.07741pt x 59.20068pt on input line
 145.
<src/figures/r4b.jpg, id=431, 322.95656pt x 54.9553pt>
File: src/figures/r4b.jpg Graphic file (type jpg)
<use src/figures/r4b.jpg>
Package pdftex.def Info: src/figures/r4b.jpg  used on input line 150. on input 
line 150.
Package pdftex.def Info: Requested size: 256.07741pt x 43.57687pt on input line
 150.
<src/figures/o.jpg, id=432, 322.95656pt x 67.0003pt>
File: src/figures/o.jpg Graphic file (type jpg)
<use src/figures/o.jpg>
Package pdftex.def Info: src/figures/o.jpg  used on input line 160. on input li
ne 160.
Package pdftex.def Info: Requested size: 256.07741pt x 53.12798pt on input line
 160.
 [25 <./src/figures/r3a.jpg> <./src/figures/r3b.jpg> <./src/figures/r4a.jpg> <.
/src/figures/r4b.jpg>]
<src/figures/w1a.jpg, id=439, 291.33844pt x 156.585pt>
File: src/figures/w1a.jpg Graphic file (type jpg)
<use src/figures/w1a.jpg>
Package pdftex.def Info: src/figures/w1a.jpg  used on input line 172. on input 
line 172.
Package pdftex.def Info: Requested size: 192.0548pt x 103.22455pt on input line
 172.
<src/figures/w1b.jpg, id=440, 291.33844pt x 156.585pt>
File: src/figures/w1b.jpg Graphic file (type jpg)
<use src/figures/w1b.jpg>
Package pdftex.def Info: src/figures/w1b.jpg  used on input line 176. on input 
line 176.
Package pdftex.def Info: Requested size: 192.0548pt x 103.22455pt on input line
 176.
<src/figures/w2a.jpg, id=441, 291.33844pt x 156.585pt>
File: src/figures/w2a.jpg Graphic file (type jpg)
<use src/figures/w2a.jpg>
Package pdftex.def Info: src/figures/w2a.jpg  used on input line 192. on input 
line 192.
Package pdftex.def Info: Requested size: 192.0548pt x 103.22455pt on input line
 192.
<src/figures/w2b.jpg, id=442, 291.33844pt x 156.585pt>
File: src/figures/w2b.jpg Graphic file (type jpg)
<use src/figures/w2b.jpg>
Package pdftex.def Info: src/figures/w2b.jpg  used on input line 197. on input 
line 197.
Package pdftex.def Info: Requested size: 192.0548pt x 103.22455pt on input line
 197.
 [26 <./src/figures/o.jpg> <./src/figures/w1a.jpg> <./src/figures/w1b.jpg> <./s
rc/figures/w2a.jpg> <./src/figures/w2b.jpg>]

Package hyperref Warning: Glyph not defined in PD1 encoding,
(hyperref)                removing `\H' on input line 218.

[27

]

Package hyperref Warning: Glyph not defined in PD1 encoding,
(hyperref)                removing `\H' on input line 223.

Package hyperref Info: bookmark level for unknown algorithm defaults to 0 on in
put line 227.
[28

]
Underfull \hbox (badness 3849) in paragraph at lines 278--279
[]\T1/cmr/bx/n/10.95 Er®s kon-zek-ven-ci-ák pro-pa-gá-lá-sa: \T1/cmr/m/n/10.95 
A kü-lön er®s kon-zek-ven-ci-á-kat tá-ro-ló
 []


Underfull \hbox (badness 1292) in paragraph at lines 283--284
[]\T1/cmr/m/n/10.95 A kü-lön-bö-z® füg-g®-sé-gek pro-pa-gá-lá-sa után új-ra-in-
dul a whi-le cik-lu-son be-lü-li fo-
 []


Underfull \hbox (badness 1629) in paragraph at lines 283--284
\T1/cmr/m/n/10.95 lya-mat, és egé-szen ad-dig tart, amíg a $\OML/cmm/m/it/10.95
 permissionList$ \T1/cmr/m/n/10.95 ki nem ürül. Eköz-ben a
 []

[29]
Underfull \hbox (badness 10000) in paragraph at lines 291--292
[]
 []

[30]
<src/figures/iomanagerrules.jpg, id=488, 462.97969pt x 295.1025pt>
File: src/figures/iomanagerrules.jpg Graphic file (type jpg)
<use src/figures/iomanagerrules.jpg>
Package pdftex.def Info: src/figures/iomanagerrules.jpg  used on input line 305
. on input line 305.
Package pdftex.def Info: Requested size: 256.07741pt x 163.22545pt on input lin
e 305.
 [31

 <./src/figures/iomanagerrules.jpg>]
Underfull \hbox (badness 2970) in paragraph at lines 353--354
[]\T1/cmr/m/n/10.95 A füg-g®-sé-gek pro-pa-gá-lá-sa után a whi-le cik-lus kö-ve
t-ke-z® ite-rá-ci-ó-ja jön, ahol
 []


Underfull \hbox (badness 4229) in paragraph at lines 353--354
\T1/cmr/m/n/10.95 az al-go-rit-mus és te-szi át a $\OML/cmm/m/it/10.95 processe
d$ \T1/cmr/m/n/10.95 lis-tá-ba, ez pe-dig a $\OML/cmm/m/it/10.95 j\OT1/cmr/m/n/
10.95 (\OML/cmm/m/it/10.95 CtrlUnit\OT1/cmr/m/n/10.95 29 \OMS/cmsy/m/n/10.95 !
 []

[32]
<src/figures/iomanagerresult.jpg, id=508, 462.97969pt x 295.1025pt>
File: src/figures/iomanagerresult.jpg Graphic file (type jpg)
<use src/figures/iomanagerresult.jpg>
Package pdftex.def Info: src/figures/iomanagerresult.jpg  used on input line 36
1. on input line 361.
Package pdftex.def Info: Requested size: 256.07741pt x 163.22545pt on input lin
e 361.


LaTeX Warning: Reference `n' on page 33 undefined on input line 367.

<src/figures/principalengineerresult.jpg, id=509, 1038.88126pt x 295.1025pt>
File: src/figures/principalengineerresult.jpg Graphic file (type jpg)
<use src/figures/principalengineerresult.jpg>
Package pdftex.def Info: src/figures/principalengineerresult.jpg  used on input
 line 373. on input line 373.
Package pdftex.def Info: Requested size: 426.79135pt x 121.23145pt on input lin
e 373.
<src/figures/subsystemmanagerresult.jpg, id=510, 1038.88126pt x 295.1025pt>
File: src/figures/subsystemmanagerresult.jpg Graphic file (type jpg)
<use src/figures/subsystemmanagerresult.jpg>
Package pdftex.def Info: src/figures/subsystemmanagerresult.jpg  used on input 
line 379. on input line 379.
Package pdftex.def Info: Requested size: 426.79135pt x 121.23145pt on input lin
e 379.
) (src/measurements.tex [33

 <./src/figures/iomanagerresult.jpg> <./src/figures/principalengineerresult.jpg
> <./src/figures/subsystemmanagerresult.jpg>]
6. fejezet.
<src/figures/principalengineermeasurement.jpg, id=520, 362.10281pt x 217.5628pt
>
File: src/figures/principalengineermeasurement.jpg Graphic file (type jpg)
<use src/figures/principalengineermeasurement.jpg>
Package pdftex.def Info: src/figures/principalengineermeasurement.jpg  used on 
input line 18. on input line 18.
Package pdftex.def Info: Requested size: 298.75264pt x 179.50148pt on input lin
e 18.
<src/figures/iomanagermeasurement.jpg, id=521, 362.10281pt x 217.5628pt>
File: src/figures/iomanagermeasurement.jpg Graphic file (type jpg)
<use src/figures/iomanagermeasurement.jpg>
Package pdftex.def Info: src/figures/iomanagermeasurement.jpg  used on input li
ne 25. on input line 25.
Package pdftex.def Info: Requested size: 298.75264pt x 179.50148pt on input lin
e 25.
<src/figures/subsystemmanagermeasurement.jpg, id=522, 362.10281pt x 217.5628pt>

File: src/figures/subsystemmanagermeasurement.jpg Graphic file (type jpg)
<use src/figures/subsystemmanagermeasurement.jpg>
Package pdftex.def Info: src/figures/subsystemmanagermeasurement.jpg  used on i
nput line 32. on input line 32.
Package pdftex.def Info: Requested size: 298.75264pt x 179.50148pt on input lin
e 32.
) (src/relatedwork.tex [34

] [35 <./src/figures/principalengineermeasurement.jpg> <./src/figures/iomanager
measurement.jpg> <./src/figures/subsystemmanagermeasurement.jpg>]
7. fejezet.
) (src/conclusionandfuturework.tex [36

]
8. fejezet.
[37

]) (diploma.bbl [38])
\tf@thm=\write5
\openout5 = `diploma.thm'.

 
AED: lastpage setting LastPage
[39

]
Package atveryend Info: Empty hook `BeforeClearDocument' on input line 183.
Package atveryend Info: Empty hook `AfterLastShipout' on input line 183.
 (diploma.aux)
Package atveryend Info: Executing hook `AtVeryEndDocument' on input line 183.
Package atveryend Info: Executing hook `AtEndAfterFileList' on input line 183.
Package rerunfilecheck Info: File `diploma.out' has not changed.
(rerunfilecheck)             Checksum: 8964E4CD1871132DB84D6EC0DCE3A13B;2833.


LaTeX Warning: There were undefined references.

Package atveryend Info: Empty hook `AtVeryVeryEnd' on input line 183.
 ) 
Here is how much of TeX's memory you used:
 12162 strings out of 493312
 185049 string characters out of 3138899
 314072 words of memory out of 3000000
 15268 multiletter control sequences out of 15000+200000
 23127 words of font info for 53 fonts, out of 3000000 for 9000
 1141 hyphenation exceptions out of 8191
 36i,8n,42p,1094b,1185s stack positions out of 5000i,500n,10000p,200000b,50000s
 <C:\Users\dubib\AppData\Local\MiKTeX\2.9\fonts\pk\ljfour\jknappen\ec\dpi600\
eccc1095.pk> <C:\Users\dubib\AppData\Local\MiKTeX\2.9\fonts\pk\ljfour\jknappen\
ec\dpi600\ectt0800.pk> <C:\Users\dubib\AppData\Local\MiKTeX\2.9\fonts\pk\ljfour
\jknappen\ec\dpi600\ecti1000.pk> <C:\Users\dubib\AppData\Local\MiKTeX\2.9\fonts
\pk\ljfour\jknappen\ec\dpi600\ecti0900.pk> <C:\Users\dubib\AppData\Local\MiKTeX
\2.9\fonts\pk\ljfour\jknappen\ec\dpi600\ecbx1000.pk> <C:\Users\dubib\AppData\Lo
cal\MiKTeX\2.9\fonts\pk\ljfour\jknappen\ec\dpi600\ecbx1200.pk> <C:\Users\dubib\
AppData\Local\MiKTeX\2.9\fonts\pk\ljfour\jknappen\ec\dpi600\ecbx2488.pk> <C:\Us
ers\dubib\AppData\Local\MiKTeX\2.9\fonts\pk\ljfour\jknappen\ec\dpi600\ecrm1200.
pk> <C:\Users\dubib\AppData\Local\MiKTeX\2.9\fonts\pk\ljfour\jknappen\ec\dpi600
\ecti1095.pk> <C:\Users\dubib\AppData\Local\MiKTeX\2.9\fonts\pk\ljfour\jknappen
\ec\dpi600\eccc1440.pk> <C:\Users\dubib\AppData\Local\MiKTeX\2.9\fonts\pk\ljfou
r\jknappen\ec\dpi600\ecbx2074.pk> <C:\Users\dubib\AppData\Local\MiKTeX\2.9\font
s\pk\ljfour\jknappen\ec\dpi600\ecrm1095.pk> <C:\Users\dubib\AppData\Local\MiKTe
X\2.9\fonts\pk\ljfour\jknappen\ec\dpi600\ecbx1095.pk><C:/Program Files/MiKTeX 2
.9/fonts/type1/public/amsfonts/cm/cmmi10.pfb><C:/Program Files/MiKTeX 2.9/fonts
/type1/public/amsfonts/cm/cmr10.pfb><C:/Program Files/MiKTeX 2.9/fonts/type1/pu
blic/amsfonts/cm/cmsy10.pfb><C:/Program Files/MiKTeX 2.9/fonts/type1/public/ams
fonts/cm/cmsy8.pfb><C:/Program Files/MiKTeX 2.9/fonts/type1/public/amsfonts/sym
bols/msam10.pfb>
Output written on diploma.pdf (40 pages, 1438574 bytes).
PDF statistics:
 1194 PDF objects out of 1200 (max. 8388607)
 179 named destinations out of 1000 (max. 500000)
 480 words of extra memory for PDF output out of 10000 (max. 10000000)

